<?xml version="1.0" encoding="utf-8"?><testsuites name="pytest tests"><testsuite name="pytest" errors="0" failures="0" skipped="0" tests="6" time="0.579" timestamp="2026-05-14T23:10:25.179143+00:00" hostname="agent-env-4a366b34-adf0-4173-a84b-382264defa52"><testcase classname="backend.tests.test_photo_editor_api" name="test_api_root_returns_service_status" time="0.255" /><testcase classname="backend.tests.test_photo_editor_api" name="test_presets_returns_expected_tool_groups" time="0.066" /><testcase classname="backend.tests.test_photo_editor_api" name="test_google_photos_status_has_message_and_flag" time="0.059" /><testcase classname="backend.tests.test_photo_editor_api" name="test_recent_edits_returns_list" time="0.058" /><testcase classname="backend.tests.test_photo_editor_api" name="test_create_edit_rejects_short_source_image" time="0.056" /><testcase classname="backend.tests.test_photo_editor_api" name="test_create_edit_rejects_invalid_provider" time="0.061" /></testsuite></testsuites>